android/build/app/intermediates/manifest_merge_blame_file/debug/processDebugMainManifest/manifest-merger-blame-debug-report.txt
1<?xml version="1.0" encoding="utf-8"?>
2<manifest xmlns:android="http://schemas.android.com/apk/res/android"
3    package="com.example.haptic_project"
4    android:versionCode="1"
5    android:versionName="1.0.0" >
6
7    <uses-sdk
8        android:minSdkVersion="21"
9        android:targetSdkVersion="35" />
10    <!--
11         The INTERNET permission is required for development. Specifically,
12         the Flutter tool needs it to communicate with the running application
13         to allow setting breakpoints, to provide hot reload, etc.
14    -->
15    <uses-permission android:name="android.permission.INTERNET" />
15-->src\main\AndroidManifest.xml:18:5-67
15-->src\main\AndroidManifest.xml:18:22-64
16    <!-- 1. BLUETOOTH VE KONUM İZİNLERİ (ESP32 Bağlantısı İçin) -->
17    <!-- Android 12 ve üzeri için -->
18    <uses-permission
18-->src\main\AndroidManifest.xml:5:5-120
19        android:name="android.permission.BLUETOOTH_SCAN"
19-->src\main\AndroidManifest.xml:5:22-70
20        android:usesPermissionFlags="neverForLocation" />
20-->src\main\AndroidManifest.xml:5:71-117
21    <uses-permission android:name="android.permission.BLUETOOTH_CONNECT" />
21-->src\main\AndroidManifest.xml:6:5-76
21-->src\main\AndroidManifest.xml:6:22-73
22    <uses-permission android:name="android.permission.BLUETOOTH_ADVERTISE" /> <!-- Android 11 ve altı için -->
22-->src\main\AndroidManifest.xml:7:5-78
22-->src\main\AndroidManifest.xml:7:22-75
23    <uses-permission
23-->src\main\AndroidManifest.xml:10:5-95
24        android:name="android.permission.BLUETOOTH"
24-->src\main\AndroidManifest.xml:10:22-65
25        android:maxSdkVersion="30" />
25-->src\main\AndroidManifest.xml:10:66-92
26    <uses-permission
26-->src\main\AndroidManifest.xml:11:5-101
27        android:name="android.permission.BLUETOOTH_ADMIN"
27-->src\main\AndroidManifest.xml:11:22-71
28        android:maxSdkVersion="30" />
28-->src\main\AndroidManifest.xml:11:72-98
29    <uses-permission android:name="android.permission.ACCESS_FINE_LOCATION" />
29-->src\main\AndroidManifest.xml:12:5-79
29-->src\main\AndroidManifest.xml:12:22-76
30    <uses-permission android:name="android.permission.ACCESS_COARSE_LOCATION" />
30-->src\main\AndroidManifest.xml:13:5-81
30-->src\main\AndroidManifest.xml:13:22-78
31
32    <uses-feature
32-->src\main\AndroidManifest.xml:15:5-89
33        android:name="android.hardware.bluetooth_le"
33-->src\main\AndroidManifest.xml:15:19-63
34        android:required="true" /> <!-- Metin seçme menüsü için (Opsiyonel) -->
34-->src\main\AndroidManifest.xml:15:64-87
35    <queries>
35-->src\main\AndroidManifest.xml:62:5-67:15
36        <intent>
36-->src\main\AndroidManifest.xml:63:9-66:18
37            <action android:name="android.intent.action.PROCESS_TEXT" />
37-->src\main\AndroidManifest.xml:64:13-72
37-->src\main\AndroidManifest.xml:64:21-70
38
39            <data android:mimeType="text/plain" />
39-->src\main\AndroidManifest.xml:65:13-50
39-->src\main\AndroidManifest.xml:65:19-48
40        </intent>
41    </queries>
42
43    <permission
43-->[androidx.core:core:1.13.1] AndroidManifest.xml:22:5-24:47
44        android:name="com.example.haptic_project.DYNAMIC_RECEIVER_NOT_EXPORTED_PERMISSION"
44-->[androidx.core:core:1.13.1] AndroidManifest.xml:23:9-81
45        android:protectionLevel="signature" />
45-->[androidx.core:core:1.13.1] AndroidManifest.xml:24:9-44
46
47    <uses-permission android:name="com.example.haptic_project.DYNAMIC_RECEIVER_NOT_EXPORTED_PERMISSION" />
47-->[androidx.core:core:1.13.1] AndroidManifest.xml:26:5-97
47-->[androidx.core:core:1.13.1] AndroidManifest.xml:26:22-94
48
49    <application
50        android:name="android.app.Application"
51        android:appComponentFactory="androidx.core.app.CoreComponentFactory"
51-->[androidx.core:core:1.13.1] AndroidManifest.xml:28:18-86
52        android:debuggable="true"
53        android:extractNativeLibs="true"
54        android:icon="@mipmap/ic_launcher"
55        android:label="haptic_project"
56        android:usesCleartextTraffic="true" > <!-- Render.com veya diğer HTTP servisleri için şart -->
57
58        <activity
59            android:name="com.example.haptic_project.MainActivity"
60            android:configChanges="orientation|keyboardHidden|keyboard|screenSize|smallestScreenSize|locale|layoutDirection|fontScale|screenLayout|density|uiMode"
61            android:exported="true"
62            android:hardwareAccelerated="true"
63            android:launchMode="singleTask"
64            android:theme="@style/LaunchTheme"
65            android:windowSoftInputMode="adjustResize" >
66            <meta-data
67                android:name="io.flutter.embedding.android.NormalTheme"
68                android:resource="@style/NormalTheme" />
69
70            <!-- ANA GİRİŞ FİLTRESİ -->
71            <intent-filter>
72                <action android:name="android.intent.action.MAIN" />
73
74                <category android:name="android.intent.category.DEFAULT" />
75                <category android:name="android.intent.category.LAUNCHER" />
76            </intent-filter>
77
78            <!-- 2. PAYLAŞIM FİLTRESİ (Trendyol vb. paylaş menüsünde görünmeyi sağlar) -->
79            <intent-filter>
80                <action android:name="android.intent.action.SEND" />
81
82                <category android:name="android.intent.category.DEFAULT" />
83
84                <data android:mimeType="text/plain" />
84-->src\main\AndroidManifest.xml:65:13-50
84-->src\main\AndroidManifest.xml:65:19-48
85            </intent-filter>
86        </activity>
87
88        <meta-data
89            android:name="flutterEmbedding"
90            android:value="2" />
91
92        <uses-library
92-->[androidx.window:window:1.2.0] AndroidManifest.xml:23:9-25:40
93            android:name="androidx.window.extensions"
93-->[androidx.window:window:1.2.0] AndroidManifest.xml:24:13-54
94            android:required="false" />
94-->[androidx.window:window:1.2.0] AndroidManifest.xml:25:13-37
95        <uses-library
95-->[androidx.window:window:1.2.0] AndroidManifest.xml:26:9-28:40
96            android:name="androidx.window.sidecar"
96-->[androidx.window:window:1.2.0] AndroidManifest.xml:27:13-51
97            android:required="false" />
97-->[androidx.window:window:1.2.0] AndroidManifest.xml:28:13-37
98
99        <provider
99-->[androidx.lifecycle:lifecycle-process:2.7.0] AndroidManifest.xml:24:9-32:20
100            android:name="androidx.startup.InitializationProvider"
100-->[androidx.lifecycle:lifecycle-process:2.7.0] AndroidManifest.xml:25:13-67
101            android:authorities="com.example.haptic_project.androidx-startup"
101-->[androidx.lifecycle:lifecycle-process:2.7.0] AndroidManifest.xml:26:13-68
102            android:exported="false" >
102-->[androidx.lifecycle:lifecycle-process:2.7.0] AndroidManifest.xml:27:13-37
103            <meta-data
103-->[androidx.lifecycle:lifecycle-process:2.7.0] AndroidManifest.xml:29:13-31:52
104                android:name="androidx.lifecycle.ProcessLifecycleInitializer"
104-->[androidx.lifecycle:lifecycle-process:2.7.0] AndroidManifest.xml:30:17-78
105                android:value="androidx.startup" />
105-->[androidx.lifecycle:lifecycle-process:2.7.0] AndroidManifest.xml:31:17-49
106            <meta-data
106-->[androidx.profileinstaller:profileinstaller:1.3.1] AndroidManifest.xml:29:13-31:52
107                android:name="androidx.profileinstaller.ProfileInstallerInitializer"
107-->[androidx.profileinstaller:profileinstaller:1.3.1] AndroidManifest.xml:30:17-85
108                android:value="androidx.startup" />
108-->[androidx.profileinstaller:profileinstaller:1.3.1] AndroidManifest.xml:31:17-49
109        </provider>
110
111        <receiver
111-->[androidx.profileinstaller:profileinstaller:1.3.1] AndroidManifest.xml:34:9-52:20
112            android:name="androidx.profileinstaller.ProfileInstallReceiver"
112-->[androidx.profileinstaller:profileinstaller:1.3.1] AndroidManifest.xml:35:13-76
113            android:directBootAware="false"
113-->[androidx.profileinstaller:profileinstaller:1.3.1] AndroidManifest.xml:36:13-44
114            android:enabled="true"
114-->[androidx.profileinstaller:profileinstaller:1.3.1] AndroidManifest.xml:37:13-35
115            android:exported="true"
115-->[androidx.profileinstaller:profileinstaller:1.3.1] AndroidManifest.xml:38:13-36
116            android:permission="android.permission.DUMP" >
116-->[androidx.profileinstaller:profileinstaller:1.3.1] AndroidManifest.xml:39:13-57
117            <intent-filter>
117-->[androidx.profileinstaller:profileinstaller:1.3.1] AndroidManifest.xml:40:13-42:29
118                <action android:name="androidx.profileinstaller.action.INSTALL_PROFILE" />
118-->[androidx.profileinstaller:profileinstaller:1.3.1] AndroidManifest.xml:41:17-91
118-->[androidx.profileinstaller:profileinstaller:1.3.1] AndroidManifest.xml:41:25-88
119            </intent-filter>
120            <intent-filter>
120-->[androidx.profileinstaller:profileinstaller:1.3.1] AndroidManifest.xml:43:13-45:29
121                <action android:name="androidx.profileinstaller.action.SKIP_FILE" />
121-->[androidx.profileinstaller:profileinstaller:1.3.1] AndroidManifest.xml:44:17-85
121-->[androidx.profileinstaller:profileinstaller:1.3.1] AndroidManifest.xml:44:25-82
122            </intent-filter>
123            <intent-filter>
123-->[androidx.profileinstaller:profileinstaller:1.3.1] AndroidManifest.xml:46:13-48:29
124                <action android:name="androidx.profileinstaller.action.SAVE_PROFILE" />
124-->[androidx.profileinstaller:profileinstaller:1.3.1] AndroidManifest.xml:47:17-88
124-->[androidx.profileinstaller:profileinstaller:1.3.1] AndroidManifest.xml:47:25-85
125            </intent-filter>
126            <intent-filter>
126-->[androidx.profileinstaller:profileinstaller:1.3.1] AndroidManifest.xml:49:13-51:29
127                <action android:name="androidx.profileinstaller.action.BENCHMARK_OPERATION" />
127-->[androidx.profileinstaller:profileinstaller:1.3.1] AndroidManifest.xml:50:17-95
127-->[androidx.profileinstaller:profileinstaller:1.3.1] AndroidManifest.xml:50:25-92
128            </intent-filter>
129        </receiver>
130    </application>
131
132</manifest>